app/build/intermediates/manifest_merge_blame_file/debug/manifest-merger-blame-debug-report.txt
1<?xml version="1.0" encoding="utf-8"?>
2<manifest xmlns:android="http://schemas.android.com/apk/res/android"
3    package="com.heyletscode.FlyingDestroyer"
4    android:versionCode="1"
5    android:versionName="1.0" >
6
7    <uses-sdk
8        android:minSdkVersion="15"
8-->src/main/AndroidManifest.xml
9        android:targetSdkVersion="29" />
9-->src/main/AndroidManifest.xml
10
11    <application
11-->src/main/AndroidManifest.xml:5:5-24:19
12        android:allowBackup="true"
12-->src/main/AndroidManifest.xml:6:9-35
13        android:appComponentFactory="androidx.core.app.CoreComponentFactory"
13-->[androidx.core:core:1.0.1] AndroidManifest.xml:22:18-86
14        android:debuggable="true"
15        android:icon="@drawable/fly1"
15-->src/main/AndroidManifest.xml:7:9-38
16        android:label="@string/app_name"
16-->src/main/AndroidManifest.xml:8:9-41
17        android:supportsRtl="true"
17-->src/main/AndroidManifest.xml:9:9-35
18        android:theme="@style/AppTheme" >
18-->src/main/AndroidManifest.xml:10:9-40
19        <activity
19-->src/main/AndroidManifest.xml:11:9-13:58
20            android:name="com.heyletscode.FlyingDestroyer.GameActivity"
20-->src/main/AndroidManifest.xml:11:19-47
21            android:screenOrientation="landscape"
21-->src/main/AndroidManifest.xml:12:13-50
22            android:theme="@style/AppTheme.noActionBar" />
22-->src/main/AndroidManifest.xml:13:13-56
23        <activity
23-->src/main/AndroidManifest.xml:14:9-23:20
24            android:name="com.heyletscode.FlyingDestroyer.MainActivity"
24-->src/main/AndroidManifest.xml:15:13-41
25            android:screenOrientation="landscape"
25-->src/main/AndroidManifest.xml:16:13-50
26            android:theme="@style/AppTheme.noActionBar" >
26-->src/main/AndroidManifest.xml:17:13-56
27            <intent-filter>
27-->src/main/AndroidManifest.xml:18:13-22:29
28                <action android:name="android.intent.action.MAIN" />
28-->src/main/AndroidManifest.xml:19:17-69
28-->src/main/AndroidManifest.xml:19:25-66
29
30                <category android:name="android.intent.category.LAUNCHER" />
30-->src/main/AndroidManifest.xml:21:17-77
30-->src/main/AndroidManifest.xml:21:27-74
31            </intent-filter>
32        </activity>
33    </application>
34
35</manifest>